<?xml version="1.0" encoding="UTF-8"?>
<!-- Generated by org.testng.reporters.JUnitReportReporter -->
<testsuite hostname="EXTHBOT" failures="0" tests="1" name="DriverFactory.AppTest" time="76.754" errors="0" timestamp="2024-07-25T20:49:30 IST" skipped="0">
  <testcase classname="DriverFactory.AppTest" name="kickstart" time="76.754">
    <system-out>
      <![CDATA[Stock-000002439   Stock-000002439
Supplier-00000004250   Supplier-00000004250
Customer-00000009157   Customer-00000009157]]>
    </system-out>
  </testcase> <!-- kickstart -->
  <system-out>
    <![CDATA[Stock-000002439   Stock-000002439
Supplier-00000004250   Supplier-00000004250
Customer-00000009157   Customer-00000009157]]>
  </system-out>
</testsuite> <!-- DriverFactory.AppTest -->
