<?xml version="1.0" encoding="UTF-8"?>
<!-- Generated by org.testng.reporters.JUnitReportReporter -->
<testsuite hostname="EXTHBOT" failures="0" tests="1" name="DriverFactory.AppTest" time="14.642" errors="0" timestamp="2024-07-06T17:21:23 IST" skipped="0">
  <testcase classname="DriverFactory.AppTest" name="kickstart" time="14.642">
    <system-out>
      <![CDATA[Supplier-00000003862   Supplier-00000003862]]>
    </system-out>
  </testcase> <!-- kickstart -->
  <system-out>
    <![CDATA[Supplier-00000003862   Supplier-00000003862]]>
  </system-out>
</testsuite> <!-- DriverFactory.AppTest -->
